<?xml version="1.0" encoding="UTF-8"?>
<testsuite xmlns:xsi="http://www.w3.org/2001/XMLSchema-instance" xsi:noNamespaceSchemaLocation="https://maven.apache.org/surefire/maven-surefire-plugin/xsd/surefire-test-report.xsd" name="com.gupao.edu.study.vip.AppTest" time="0.036" tests="1" errors="0" skipped="0" failures="0">
  <properties>
    <property name="sun.desktop" value="windows"/>
    <property name="awt.toolkit" value="sun.awt.windows.WToolkit"/>
    <property name="file.encoding.pkg" value="sun.io"/>
    <property name="java.specification.version" value="1.8"/>
    <property name="sun.cpu.isalist" value="amd64"/>
    <property name="sun.jnu.encoding" value="GBK"/>
    <property name="java.class.path" value="D:\GuPao_IDEA_workspace\dubboserver\server-provider\target\test-classes;D:\GuPao_IDEA_workspace\dubboserver\server-provider\target\classes;D:\anzhuang\DevInstall\repository\junit\junit\4.11\junit-4.11.jar;D:\anzhuang\DevInstall\repository\org\hamcrest\hamcrest-core\1.3\hamcrest-core-1.3.jar;D:\GuPao_IDEA_workspace\dubboserver\server-api\target\server-api-1.0-SNAPSHOT.jar;"/>
    <property name="java.vm.vendor" value="Oracle Corporation"/>
    <property name="sun.arch.data.model" value="64"/>
    <property name="user.variant" value=""/>
    <property name="java.vendor.url" value="http://java.oracle.com/"/>
    <property name="user.timezone" value=""/>
    <property name="java.vm.specification.version" value="1.8"/>
    <property name="os.name" value="Windows 10"/>
    <property name="user.country" value="CN"/>
    <property name="sun.java.launcher" value="SUN_STANDARD"/>
    <property name="sun.boot.library.path" value="D:\anzhuang\Java\jdk1.8.0_121\jre\bin"/>
    <property name="sun.java.command" value="C:\Users\Darian\AppData\Local\Temp\surefire6537996822784815785\surefirebooter4829024923733919819.jar C:\Users\Darian\AppData\Local\Temp\surefire6537996822784815785 2018-07-13T15-01-24_602-jvmRun1 surefire3914088580704101298tmp surefire_18896522861292079743tmp"/>
    <property name="surefire.test.class.path" value="D:\GuPao_IDEA_workspace\dubboserver\server-provider\target\test-classes;D:\GuPao_IDEA_workspace\dubboserver\server-provider\target\classes;D:\anzhuang\DevInstall\repository\junit\junit\4.11\junit-4.11.jar;D:\anzhuang\DevInstall\repository\org\hamcrest\hamcrest-core\1.3\hamcrest-core-1.3.jar;D:\GuPao_IDEA_workspace\dubboserver\server-api\target\server-api-1.0-SNAPSHOT.jar;"/>
    <property name="sun.cpu.endian" value="little"/>
    <property name="user.home" value="C:\Users\Darian"/>
    <property name="user.language" value="zh"/>
    <property name="java.specification.vendor" value="Oracle Corporation"/>
    <property name="java.home" value="D:\anzhuang\Java\jdk1.8.0_121\jre"/>
    <property name="basedir" value="D:\GuPao_IDEA_workspace\dubboserver\server-provider"/>
    <property name="file.separator" value="\"/>
    <property name="line.separator" value="&#10;"/>
    <property name="java.vm.specification.vendor" value="Oracle Corporation"/>
    <property name="java.specification.name" value="Java Platform API Specification"/>
    <property name="java.awt.graphicsenv" value="sun.awt.Win32GraphicsEnvironment"/>
    <property name="surefire.real.class.path" value="C:\Users\Darian\AppData\Local\Temp\surefire6537996822784815785\surefirebooter4829024923733919819.jar"/>
    <property name="sun.boot.class.path" value="D:\anzhuang\Java\jdk1.8.0_121\jre\lib\resources.jar;D:\anzhuang\Java\jdk1.8.0_121\jre\lib\rt.jar;D:\anzhuang\Java\jdk1.8.0_121\jre\lib\sunrsasign.jar;D:\anzhuang\Java\jdk1.8.0_121\jre\lib\jsse.jar;D:\anzhuang\Java\jdk1.8.0_121\jre\lib\jce.jar;D:\anzhuang\Java\jdk1.8.0_121\jre\lib\charsets.jar;D:\anzhuang\Java\jdk1.8.0_121\jre\lib\jfr.jar;D:\anzhuang\Java\jdk1.8.0_121\jre\classes"/>
    <property name="user.script" value=""/>
    <property name="sun.management.compiler" value="HotSpot 64-Bit Tiered Compilers"/>
    <property name="java.runtime.version" value="1.8.0_121-b13"/>
    <property name="user.name" value="Darian"/>
    <property name="path.separator" value=";"/>
    <property name="os.version" value="10.0"/>
    <property name="java.endorsed.dirs" value="D:\anzhuang\Java\jdk1.8.0_121\jre\lib\endorsed"/>
    <property name="java.runtime.name" value="Java(TM) SE Runtime Environment"/>
    <property name="file.encoding" value="GBK"/>
    <property name="java.vm.name" value="Java HotSpot(TM) 64-Bit Server VM"/>
    <property name="localRepository" value="D:\anzhuang\DevInstall\repository"/>
    <property name="java.vendor.url.bug" value="http://bugreport.sun.com/bugreport/"/>
    <property name="java.io.tmpdir" value="C:\Users\Darian\AppData\Local\Temp\"/>
    <property name="java.version" value="1.8.0_121"/>
    <property name="user.dir" value="D:\GuPao_IDEA_workspace\dubboserver\server-provider"/>
    <property name="os.arch" value="amd64"/>
    <property name="java.vm.specification.name" value="Java Virtual Machine Specification"/>
    <property name="java.awt.printerjob" value="sun.awt.windows.WPrinterJob"/>
    <property name="sun.os.patch.level" value=""/>
    <property name="java.library.path" value="D:\anzhuang\Java\jdk1.8.0_121\jre\bin;C:\Windows\Sun\Java\bin;C:\Windows\system32;C:\Windows;C:\ProgramData\Oracle\Java\javapath;C:\Program Files (x86)\Intel\Intel(R) Management Engine Components\iCLS\;C:\Program Files\Intel\Intel(R) Management Engine Components\iCLS\;C:\Windows\system32;C:\Windows;C:\Windows\System32\Wbem;C:\Windows\System32\WindowsPowerShell\v1.0\;C:\Program Files (x86)\NVIDIA Corporation\PhysX\Common;C:\Program Files (x86)\Intel\Intel(R) Management Engine Components\DAL;C:\Program Files\Intel\Intel(R) Management Engine Components\DAL;C:\Program Files (x86)\Intel\Intel(R) Management Engine Components\IPT;C:\Program Files\Intel\Intel(R) Management Engine Components\IPT;C:\Program Files\Intel\WiFi\bin\;C:\Program Files\Common Files\Intel\WirelessCommon\;D:\anzhuang\Java\jdk1.8.0_121\bin;D:\anzhuang\apache-maven-3.5.0\bin;D:\anzhuang\TortoiseSVN\bin;C:\Program Files\MySQL\MySQL Server 5.5\bin;D:\anzhuang\apache-tomcat-8.5.31\lib;D:\anzhuang\apache-tomcat-8.5.31\bin;C:\Users\Darian\AppData\Local\Microsoft\WindowsApps;;D:\anzhuanga\Fiddler;."/>
    <property name="java.vm.info" value="mixed mode"/>
    <property name="java.vendor" value="Oracle Corporation"/>
    <property name="java.vm.version" value="25.121-b13"/>
    <property name="java.ext.dirs" value="D:\anzhuang\Java\jdk1.8.0_121\jre\lib\ext;C:\Windows\Sun\Java\lib\ext"/>
    <property name="sun.io.unicode.encoding" value="UnicodeLittle"/>
    <property name="java.class.version" value="52.0"/>
  </properties>
  <testcase name="shouldAnswerWithTrue" classname="com.gupao.edu.study.vip.AppTest" time="0"/>
</testsuite>